<?xml version="1.0" encoding="UTF-8"?>
<!-- Generated by org.testng.reporters.JUnitXMLReporter -->
<testsuite ignored="0" hostname="LAPTOP-TPFSN6P1" failures="1" tests="1" name="Reporter3" time="0.5" errors="0" timestamp="2021-09-07T13:53:50 IST">
  <testcase classname="Extent_Reports.ExtentReport_Test" name="Report3_Test" time="0.47">
    <failure type="java.lang.NullPointerException">
      <![CDATA[java.lang.NullPointerException
at ExcelUtil.ExcelApiTest4.getDataTable(ExcelApiTest4.java:654)
at Extent_Reports.ExtentReport_Test.Report3_Test(ExtentReport_Test.java:44)
at java.base/java.util.ArrayList.forEach(ArrayList.java:1540)
... Removed 27 stack frames]]>
    </failure>
  </testcase> <!-- Report3_Test -->
</testsuite> <!-- Reporter3 -->
