<?xml version="1.0" encoding="UTF-8"?>
<!-- Generated by org.testng.reporters.JUnitXMLReporter -->
<testsuite ignored="0" hostname="LAPTOP-TPFSN6P1" failures="2" tests="3" name="Test" time="10.055" errors="0" timestamp="2021-09-11T18:49:27 IST">
  <testcase classname="Extent_Reports.ExtentReport_Test" name="Report3_Test" time="0.483">
    <failure type="java.lang.NullPointerException">
      <![CDATA[java.lang.NullPointerException
at ExcelUtil.ExcelApiTest4.getDataTable(ExcelApiTest4.java:654)
at Extent_Reports.ExtentReport_Test.Report3_Test(ExtentReport_Test.java:44)
at java.base/java.util.ArrayList.forEach(ArrayList.java:1540)
... Removed 27 stack frames]]>
    </failure>
  </testcase> <!-- Report3_Test -->
  <testcase classname="Extent_Reports.ExtentReport_Test3" name="Report3_Test" time="0.063">
    <failure type="java.lang.NullPointerException">
      <![CDATA[java.lang.NullPointerException
at ExcelUtil.ExcelApiTest4.getDataTable(ExcelApiTest4.java:654)
at Extent_Reports.ExtentReport_Test3.Report3_Test(ExtentReport_Test3.java:44)
at java.base/java.util.ArrayList.forEach(ArrayList.java:1540)
... Removed 27 stack frames]]>
    </failure>
  </testcase> <!-- Report3_Test -->
  <testcase classname="Extent_Reports.ExtentReport_Test2" name="Report3_Test" time="9.477"/>
</testsuite> <!-- Test -->
